2018-03-13 10:25:39 [::1][-][-][error][yii\web\HttpException:404] yii\web\NotFoundHttpException: Page not found. in C:\xampp\htdocs\yii2-app-advanced\vendor\yiisoft\yii2\web\Request.php:284
Stack trace:
#0 C:\xampp\htdocs\yii2-app-advanced\vendor\yiisoft\yii2\web\Application.php(82): yii\web\Request->resolve()
#1 C:\xampp\htdocs\yii2-app-advanced\vendor\yiisoft\yii2\base\Application.php(386): yii\web\Application->handleRequest(Object(yii\web\Request))
#2 C:\xampp\htdocs\yii2-app-advanced\api\web\index.php(17): yii\base\Application->run()
#3 {main}
2018-03-13 10:25:39 [::1][-][-][info][application] $_GET = []

$_POST = []

$_FILES = []

$_COOKIE = []

$_SERVER = [
    'REDIRECT_MIBDIRS' => 'C:/xampp/php/extras/mibs'
    'REDIRECT_MYSQL_HOME' => '\\xampp\\mysql\\bin'
    'REDIRECT_OPENSSL_CONF' => 'C:/xampp/apache/bin/openssl.cnf'
    'REDIRECT_PHP_PEAR_SYSCONF_DIR' => '\\xampp\\php'
    'REDIRECT_PHPRC' => '\\xampp\\php'
    'REDIRECT_TMP' => '\\xampp\\tmp'
    'REDIRECT_STATUS' => '200'
    'MIBDIRS' => 'C:/xampp/php/extras/mibs'
    'MYSQL_HOME' => '\\xampp\\mysql\\bin'
    'OPENSSL_CONF' => 'C:/xampp/apache/bin/openssl.cnf'
    'PHP_PEAR_SYSCONF_DIR' => '\\xampp\\php'
    'PHPRC' => '\\xampp\\php'
    'TMP' => '\\xampp\\tmp'
    'HTTP_HOST' => 'localhost'
    'HTTP_CONNECTION' => 'keep-alive'
    'HTTP_CACHE_CONTROL' => 'no-cache'
    'CONTENT_TYPE' => 'application/x-www-form-urlencoded'
    'HTTP_USER_AGENT' => 'Mozilla/5.0 (Windows NT 6.1) AppleWebKit/537.36 (KHTML, like Gecko) Chrome/65.0.3325.146 Safari/537.36'
    'HTTP_POSTMAN_TOKEN' => 'ced74685-ab3f-1e39-29ab-0bca9f6a1262'
    'HTTP_ACCEPT' => '*/*'
    'HTTP_ACCEPT_ENCODING' => 'gzip, deflate, br'
    'HTTP_ACCEPT_LANGUAGE' => 'en-US,en;q=0.9'
    'PATH' => 'C:\\Program Files\\Common Files\\Microsoft Shared\\Windows Live;C:\\Windows\\system32;C:\\Windows;C:\\Windows\\System32\\Wbem;C:\\Windows\\System32\\WindowsPowerShell\\v1.0\\;C:\\Program Files\\Windows Live\\Shared;C:\\Program Files\\Microsoft\\Web Platform Installer\\;C:\\Program Files\\Microsoft ASP.NET\\ASP.NET Web Pages\\v1.0\\;C:\\Program Files\\nodejs\\;C:\\xampp\\php;C:\\Users\\ZMART\\AppData\\Local\\ComposerSetup\\bin;C:\\Users\\ZMART\\AppData\\Roaming\\Composer\\vendor\\bin;C:\\Users\\ZMART\\AppData\\Local\\Programs\\Git\\cmd;C:\\Users\\ZMART\\AppData\\Roaming\\npm'
    'SystemRoot' => 'C:\\Windows'
    'COMSPEC' => 'C:\\Windows\\system32\\cmd.exe'
    'PATHEXT' => '.COM;.EXE;.BAT;.CMD;.VBS;.VBE;.JS;.JSE;.WSF;.WSH;.MSC'
    'WINDIR' => 'C:\\Windows'
    'SERVER_SIGNATURE' => '<address>Apache/2.4.29 (Win32) OpenSSL/1.1.0g PHP/7.2.2 Server at localhost Port 80</address>
'
    'SERVER_SOFTWARE' => 'Apache/2.4.29 (Win32) OpenSSL/1.1.0g PHP/7.2.2'
    'SERVER_NAME' => 'localhost'
    'SERVER_ADDR' => '::1'
    'SERVER_PORT' => '80'
    'REMOTE_ADDR' => '::1'
    'DOCUMENT_ROOT' => 'C:/xampp/htdocs'
    'REQUEST_SCHEME' => 'http'
    'CONTEXT_PREFIX' => ''
    'CONTEXT_DOCUMENT_ROOT' => 'C:/xampp/htdocs'
    'SERVER_ADMIN' => 'postmaster@localhost'
    'SCRIPT_FILENAME' => 'C:/xampp/htdocs/yii2-app-advanced/api/web/index.php'
    'REMOTE_PORT' => '54184'
    'REDIRECT_URL' => '/yii2-app-advanced/api/web/v1/country'
    'GATEWAY_INTERFACE' => 'CGI/1.1'
    'SERVER_PROTOCOL' => 'HTTP/1.1'
    'REQUEST_METHOD' => 'GET'
    'QUERY_STRING' => ''
    'REQUEST_URI' => '/yii2-app-advanced/api/web/v1/country'
    'SCRIPT_NAME' => '/yii2-app-advanced/api/web/index.php'
    'PHP_SELF' => '/yii2-app-advanced/api/web/index.php'
    'REQUEST_TIME_FLOAT' => 1520933139.088
    'REQUEST_TIME' => 1520933139
]
2018-03-13 10:39:15 [::1][-][-][error][yii\web\HttpException:401] yii\web\UnauthorizedHttpException: Your request was made with invalid credentials. in C:\xampp\htdocs\yii2-app-advanced\vendor\yiisoft\yii2\filters\auth\AuthMethod.php:93
Stack trace:
#0 C:\xampp\htdocs\yii2-app-advanced\vendor\yiisoft\yii2\filters\auth\AuthMethod.php(76): yii\filters\auth\AuthMethod->handleFailure(Object(yii\web\Response))
#1 C:\xampp\htdocs\yii2-app-advanced\vendor\yiisoft\yii2\base\ActionFilter.php(77): yii\filters\auth\AuthMethod->beforeAction(Object(yii\rest\IndexAction))
#2 [internal function]: yii\base\ActionFilter->beforeFilter(Object(yii\base\ActionEvent))
#3 C:\xampp\htdocs\yii2-app-advanced\vendor\yiisoft\yii2\base\Component.php(626): call_user_func(Array, Object(yii\base\ActionEvent))
#4 C:\xampp\htdocs\yii2-app-advanced\vendor\yiisoft\yii2\base\Controller.php(274): yii\base\Component->trigger('beforeAction', Object(yii\base\ActionEvent))
#5 C:\xampp\htdocs\yii2-app-advanced\vendor\yiisoft\yii2\web\Controller.php(164): yii\base\Controller->beforeAction(Object(yii\rest\IndexAction))
#6 C:\xampp\htdocs\yii2-app-advanced\vendor\yiisoft\yii2\base\Controller.php(155): yii\web\Controller->beforeAction(Object(yii\rest\IndexAction))
#7 C:\xampp\htdocs\yii2-app-advanced\vendor\yiisoft\yii2\base\Module.php(528): yii\base\Controller->runAction('index', Array)
#8 C:\xampp\htdocs\yii2-app-advanced\vendor\yiisoft\yii2\web\Application.php(103): yii\base\Module->runAction('v1/user/index', Array)
#9 C:\xampp\htdocs\yii2-app-advanced\vendor\yiisoft\yii2\base\Application.php(386): yii\web\Application->handleRequest(Object(yii\web\Request))
#10 C:\xampp\htdocs\yii2-app-advanced\api\web\index.php(17): yii\base\Application->run()
#11 {main}
2018-03-13 10:39:15 [::1][-][-][info][application] $_GET = []

$_POST = []

$_FILES = []

$_COOKIE = []

$_SERVER = [
    'REDIRECT_MIBDIRS' => 'C:/xampp/php/extras/mibs'
    'REDIRECT_MYSQL_HOME' => '\\xampp\\mysql\\bin'
    'REDIRECT_OPENSSL_CONF' => 'C:/xampp/apache/bin/openssl.cnf'
    'REDIRECT_PHP_PEAR_SYSCONF_DIR' => '\\xampp\\php'
    'REDIRECT_PHPRC' => '\\xampp\\php'
    'REDIRECT_TMP' => '\\xampp\\tmp'
    'REDIRECT_STATUS' => '200'
    'MIBDIRS' => 'C:/xampp/php/extras/mibs'
    'MYSQL_HOME' => '\\xampp\\mysql\\bin'
    'OPENSSL_CONF' => 'C:/xampp/apache/bin/openssl.cnf'
    'PHP_PEAR_SYSCONF_DIR' => '\\xampp\\php'
    'PHPRC' => '\\xampp\\php'
    'TMP' => '\\xampp\\tmp'
    'HTTP_HOST' => 'localhost'
    'HTTP_CONNECTION' => 'keep-alive'
    'HTTP_CACHE_CONTROL' => 'no-cache'
    'CONTENT_TYPE' => 'application/x-www-form-urlencoded'
    'HTTP_USER_AGENT' => 'Mozilla/5.0 (Windows NT 6.1) AppleWebKit/537.36 (KHTML, like Gecko) Chrome/65.0.3325.146 Safari/537.36'
    'HTTP_POSTMAN_TOKEN' => 'b6001b24-cdb8-a4fe-5086-18c7ec21b265'
    'HTTP_ACCEPT' => '*/*'
    'HTTP_ACCEPT_ENCODING' => 'gzip, deflate, br'
    'HTTP_ACCEPT_LANGUAGE' => 'en-US,en;q=0.9'
    'PATH' => 'C:\\Program Files\\Common Files\\Microsoft Shared\\Windows Live;C:\\Windows\\system32;C:\\Windows;C:\\Windows\\System32\\Wbem;C:\\Windows\\System32\\WindowsPowerShell\\v1.0\\;C:\\Program Files\\Windows Live\\Shared;C:\\Program Files\\Microsoft\\Web Platform Installer\\;C:\\Program Files\\Microsoft ASP.NET\\ASP.NET Web Pages\\v1.0\\;C:\\Program Files\\nodejs\\;C:\\xampp\\php;C:\\Users\\ZMART\\AppData\\Local\\ComposerSetup\\bin;C:\\Users\\ZMART\\AppData\\Roaming\\Composer\\vendor\\bin;C:\\Users\\ZMART\\AppData\\Local\\Programs\\Git\\cmd;C:\\Users\\ZMART\\AppData\\Roaming\\npm'
    'SystemRoot' => 'C:\\Windows'
    'COMSPEC' => 'C:\\Windows\\system32\\cmd.exe'
    'PATHEXT' => '.COM;.EXE;.BAT;.CMD;.VBS;.VBE;.JS;.JSE;.WSF;.WSH;.MSC'
    'WINDIR' => 'C:\\Windows'
    'SERVER_SIGNATURE' => '<address>Apache/2.4.29 (Win32) OpenSSL/1.1.0g PHP/7.2.2 Server at localhost Port 80</address>
'
    'SERVER_SOFTWARE' => 'Apache/2.4.29 (Win32) OpenSSL/1.1.0g PHP/7.2.2'
    'SERVER_NAME' => 'localhost'
    'SERVER_ADDR' => '::1'
    'SERVER_PORT' => '80'
    'REMOTE_ADDR' => '::1'
    'DOCUMENT_ROOT' => 'C:/xampp/htdocs'
    'REQUEST_SCHEME' => 'http'
    'CONTEXT_PREFIX' => ''
    'CONTEXT_DOCUMENT_ROOT' => 'C:/xampp/htdocs'
    'SERVER_ADMIN' => 'postmaster@localhost'
    'SCRIPT_FILENAME' => 'C:/xampp/htdocs/yii2-app-advanced/api/web/index.php'
    'REMOTE_PORT' => '54266'
    'REDIRECT_URL' => '/yii2-app-advanced/api/web/v1/users'
    'GATEWAY_INTERFACE' => 'CGI/1.1'
    'SERVER_PROTOCOL' => 'HTTP/1.1'
    'REQUEST_METHOD' => 'GET'
    'QUERY_STRING' => ''
    'REQUEST_URI' => '/yii2-app-advanced/api/web/v1/users'
    'SCRIPT_NAME' => '/yii2-app-advanced/api/web/index.php'
    'PHP_SELF' => '/yii2-app-advanced/api/web/index.php'
    'REQUEST_TIME_FLOAT' => 1520933955.073
    'REQUEST_TIME' => 1520933955
]
2018-03-13 10:40:11 [::1][-][-][error][Error] Error: Class 'api\modules\v1\controllers\User' not found in C:\xampp\htdocs\yii2-app-advanced\api\modules\v1\controllers\UserController.php:22
Stack trace:
#0 [internal function]: api\modules\v1\controllers\UserController->api\modules\v1\controllers\{closure}('Amar Sen', 'amar@mail.com')
#1 C:\xampp\htdocs\yii2-app-advanced\vendor\yiisoft\yii2\filters\auth\HttpBasicAuth.php(99): call_user_func(Object(Closure), 'Amar Sen', 'amar@mail.com')
#2 C:\xampp\htdocs\yii2-app-advanced\vendor\yiisoft\yii2\filters\auth\AuthMethod.php(61): yii\filters\auth\HttpBasicAuth->authenticate(Object(yii\web\User), Object(yii\web\Request), Object(yii\web\Response))
#3 C:\xampp\htdocs\yii2-app-advanced\vendor\yiisoft\yii2\base\ActionFilter.php(77): yii\filters\auth\AuthMethod->beforeAction(Object(yii\rest\IndexAction))
#4 [internal function]: yii\base\ActionFilter->beforeFilter(Object(yii\base\ActionEvent))
#5 C:\xampp\htdocs\yii2-app-advanced\vendor\yiisoft\yii2\base\Component.php(626): call_user_func(Array, Object(yii\base\ActionEvent))
#6 C:\xampp\htdocs\yii2-app-advanced\vendor\yiisoft\yii2\base\Controller.php(274): yii\base\Component->trigger('beforeAction', Object(yii\base\ActionEvent))
#7 C:\xampp\htdocs\yii2-app-advanced\vendor\yiisoft\yii2\web\Controller.php(164): yii\base\Controller->beforeAction(Object(yii\rest\IndexAction))
#8 C:\xampp\htdocs\yii2-app-advanced\vendor\yiisoft\yii2\base\Controller.php(155): yii\web\Controller->beforeAction(Object(yii\rest\IndexAction))
#9 C:\xampp\htdocs\yii2-app-advanced\vendor\yiisoft\yii2\base\Module.php(528): yii\base\Controller->runAction('index', Array)
#10 C:\xampp\htdocs\yii2-app-advanced\vendor\yiisoft\yii2\web\Application.php(103): yii\base\Module->runAction('v1/user/index', Array)
#11 C:\xampp\htdocs\yii2-app-advanced\vendor\yiisoft\yii2\base\Application.php(386): yii\web\Application->handleRequest(Object(yii\web\Request))
#12 C:\xampp\htdocs\yii2-app-advanced\api\web\index.php(17): yii\base\Application->run()
#13 {main}
2018-03-13 10:40:11 [::1][-][-][info][application] $_GET = []

$_POST = []

$_FILES = []

$_COOKIE = []

$_SERVER = [
    'REDIRECT_MIBDIRS' => 'C:/xampp/php/extras/mibs'
    'REDIRECT_MYSQL_HOME' => '\\xampp\\mysql\\bin'
    'REDIRECT_OPENSSL_CONF' => 'C:/xampp/apache/bin/openssl.cnf'
    'REDIRECT_PHP_PEAR_SYSCONF_DIR' => '\\xampp\\php'
    'REDIRECT_PHPRC' => '\\xampp\\php'
    'REDIRECT_TMP' => '\\xampp\\tmp'
    'REDIRECT_STATUS' => '200'
    'MIBDIRS' => 'C:/xampp/php/extras/mibs'
    'MYSQL_HOME' => '\\xampp\\mysql\\bin'
    'OPENSSL_CONF' => 'C:/xampp/apache/bin/openssl.cnf'
    'PHP_PEAR_SYSCONF_DIR' => '\\xampp\\php'
    'PHPRC' => '\\xampp\\php'
    'TMP' => '\\xampp\\tmp'
    'HTTP_HOST' => 'localhost'
    'HTTP_CONNECTION' => 'keep-alive'
    'HTTP_POSTMAN_TOKEN' => '80b26766-fd64-d560-e400-834201f437a4'
    'HTTP_CACHE_CONTROL' => 'no-cache'
    'HTTP_USER_AGENT' => 'Mozilla/5.0 (Windows NT 6.1) AppleWebKit/537.36 (KHTML, like Gecko) Chrome/65.0.3325.146 Safari/537.36'
    'CONTENT_TYPE' => 'application/x-www-form-urlencoded'
    'HTTP_ACCEPT' => '*/*'
    'HTTP_ACCEPT_ENCODING' => 'gzip, deflate, br'
    'HTTP_ACCEPT_LANGUAGE' => 'en-US,en;q=0.9'
    'PATH' => 'C:\\Program Files\\Common Files\\Microsoft Shared\\Windows Live;C:\\Windows\\system32;C:\\Windows;C:\\Windows\\System32\\Wbem;C:\\Windows\\System32\\WindowsPowerShell\\v1.0\\;C:\\Program Files\\Windows Live\\Shared;C:\\Program Files\\Microsoft\\Web Platform Installer\\;C:\\Program Files\\Microsoft ASP.NET\\ASP.NET Web Pages\\v1.0\\;C:\\Program Files\\nodejs\\;C:\\xampp\\php;C:\\Users\\ZMART\\AppData\\Local\\ComposerSetup\\bin;C:\\Users\\ZMART\\AppData\\Roaming\\Composer\\vendor\\bin;C:\\Users\\ZMART\\AppData\\Local\\Programs\\Git\\cmd;C:\\Users\\ZMART\\AppData\\Roaming\\npm'
    'SystemRoot' => 'C:\\Windows'
    'COMSPEC' => 'C:\\Windows\\system32\\cmd.exe'
    'PATHEXT' => '.COM;.EXE;.BAT;.CMD;.VBS;.VBE;.JS;.JSE;.WSF;.WSH;.MSC'
    'WINDIR' => 'C:\\Windows'
    'SERVER_SIGNATURE' => '<address>Apache/2.4.29 (Win32) OpenSSL/1.1.0g PHP/7.2.2 Server at localhost Port 80</address>
'
    'SERVER_SOFTWARE' => 'Apache/2.4.29 (Win32) OpenSSL/1.1.0g PHP/7.2.2'
    'SERVER_NAME' => 'localhost'
    'SERVER_ADDR' => '::1'
    'SERVER_PORT' => '80'
    'REMOTE_ADDR' => '::1'
    'DOCUMENT_ROOT' => 'C:/xampp/htdocs'
    'REQUEST_SCHEME' => 'http'
    'CONTEXT_PREFIX' => ''
    'CONTEXT_DOCUMENT_ROOT' => 'C:/xampp/htdocs'
    'SERVER_ADMIN' => 'postmaster@localhost'
    'SCRIPT_FILENAME' => 'C:/xampp/htdocs/yii2-app-advanced/api/web/index.php'
    'REMOTE_PORT' => '54276'
    'REDIRECT_URL' => '/yii2-app-advanced/api/web/v1/users'
    'GATEWAY_INTERFACE' => 'CGI/1.1'
    'SERVER_PROTOCOL' => 'HTTP/1.1'
    'REQUEST_METHOD' => 'GET'
    'QUERY_STRING' => ''
    'REQUEST_URI' => '/yii2-app-advanced/api/web/v1/users'
    'SCRIPT_NAME' => '/yii2-app-advanced/api/web/index.php'
    'PHP_SELF' => '/yii2-app-advanced/api/web/index.php'
    'PHP_AUTH_USER' => 'Amar Sen'
    'PHP_AUTH_PW' => 'amar@mail.com'
    'REQUEST_TIME_FLOAT' => 1520934011.827
    'REQUEST_TIME' => 1520934011
]
2018-03-13 10:42:59 [::1][-][-][error][Error] Error: Class 'api\modules\v1\controllers\User' not found in C:\xampp\htdocs\yii2-app-advanced\api\modules\v1\controllers\UserController.php:22
Stack trace:
#0 [internal function]: api\modules\v1\controllers\UserController->api\modules\v1\controllers\{closure}('Amar Sen', 'amar@mail.com')
#1 C:\xampp\htdocs\yii2-app-advanced\vendor\yiisoft\yii2\filters\auth\HttpBasicAuth.php(99): call_user_func(Object(Closure), 'Amar Sen', 'amar@mail.com')
#2 C:\xampp\htdocs\yii2-app-advanced\vendor\yiisoft\yii2\filters\auth\AuthMethod.php(61): yii\filters\auth\HttpBasicAuth->authenticate(Object(yii\web\User), Object(yii\web\Request), Object(yii\web\Response))
#3 C:\xampp\htdocs\yii2-app-advanced\vendor\yiisoft\yii2\base\ActionFilter.php(77): yii\filters\auth\AuthMethod->beforeAction(Object(yii\rest\IndexAction))
#4 [internal function]: yii\base\ActionFilter->beforeFilter(Object(yii\base\ActionEvent))
#5 C:\xampp\htdocs\yii2-app-advanced\vendor\yiisoft\yii2\base\Component.php(626): call_user_func(Array, Object(yii\base\ActionEvent))
#6 C:\xampp\htdocs\yii2-app-advanced\vendor\yiisoft\yii2\base\Controller.php(274): yii\base\Component->trigger('beforeAction', Object(yii\base\ActionEvent))
#7 C:\xampp\htdocs\yii2-app-advanced\vendor\yiisoft\yii2\web\Controller.php(164): yii\base\Controller->beforeAction(Object(yii\rest\IndexAction))
#8 C:\xampp\htdocs\yii2-app-advanced\vendor\yiisoft\yii2\base\Controller.php(155): yii\web\Controller->beforeAction(Object(yii\rest\IndexAction))
#9 C:\xampp\htdocs\yii2-app-advanced\vendor\yiisoft\yii2\base\Module.php(528): yii\base\Controller->runAction('index', Array)
#10 C:\xampp\htdocs\yii2-app-advanced\vendor\yiisoft\yii2\web\Application.php(103): yii\base\Module->runAction('v1/user/index', Array)
#11 C:\xampp\htdocs\yii2-app-advanced\vendor\yiisoft\yii2\base\Application.php(386): yii\web\Application->handleRequest(Object(yii\web\Request))
#12 C:\xampp\htdocs\yii2-app-advanced\api\web\index.php(17): yii\base\Application->run()
#13 {main}
2018-03-13 10:42:59 [::1][-][-][info][application] $_GET = []

$_POST = []

$_FILES = []

$_COOKIE = []

$_SERVER = [
    'REDIRECT_MIBDIRS' => 'C:/xampp/php/extras/mibs'
    'REDIRECT_MYSQL_HOME' => '\\xampp\\mysql\\bin'
    'REDIRECT_OPENSSL_CONF' => 'C:/xampp/apache/bin/openssl.cnf'
    'REDIRECT_PHP_PEAR_SYSCONF_DIR' => '\\xampp\\php'
    'REDIRECT_PHPRC' => '\\xampp\\php'
    'REDIRECT_TMP' => '\\xampp\\tmp'
    'REDIRECT_STATUS' => '200'
    'MIBDIRS' => 'C:/xampp/php/extras/mibs'
    'MYSQL_HOME' => '\\xampp\\mysql\\bin'
    'OPENSSL_CONF' => 'C:/xampp/apache/bin/openssl.cnf'
    'PHP_PEAR_SYSCONF_DIR' => '\\xampp\\php'
    'PHPRC' => '\\xampp\\php'
    'TMP' => '\\xampp\\tmp'
    'HTTP_HOST' => 'localhost'
    'HTTP_CONNECTION' => 'keep-alive'
    'HTTP_POSTMAN_TOKEN' => 'da884a9e-0240-834e-e3ed-7231205c4fd7'
    'HTTP_CACHE_CONTROL' => 'no-cache'
    'HTTP_USER_AGENT' => 'Mozilla/5.0 (Windows NT 6.1) AppleWebKit/537.36 (KHTML, like Gecko) Chrome/65.0.3325.146 Safari/537.36'
    'CONTENT_TYPE' => 'application/x-www-form-urlencoded'
    'HTTP_ACCEPT' => '*/*'
    'HTTP_ACCEPT_ENCODING' => 'gzip, deflate, br'
    'HTTP_ACCEPT_LANGUAGE' => 'en-US,en;q=0.9'
    'PATH' => 'C:\\Program Files\\Common Files\\Microsoft Shared\\Windows Live;C:\\Windows\\system32;C:\\Windows;C:\\Windows\\System32\\Wbem;C:\\Windows\\System32\\WindowsPowerShell\\v1.0\\;C:\\Program Files\\Windows Live\\Shared;C:\\Program Files\\Microsoft\\Web Platform Installer\\;C:\\Program Files\\Microsoft ASP.NET\\ASP.NET Web Pages\\v1.0\\;C:\\Program Files\\nodejs\\;C:\\xampp\\php;C:\\Users\\ZMART\\AppData\\Local\\ComposerSetup\\bin;C:\\Users\\ZMART\\AppData\\Roaming\\Composer\\vendor\\bin;C:\\Users\\ZMART\\AppData\\Local\\Programs\\Git\\cmd;C:\\Users\\ZMART\\AppData\\Roaming\\npm'
    'SystemRoot' => 'C:\\Windows'
    'COMSPEC' => 'C:\\Windows\\system32\\cmd.exe'
    'PATHEXT' => '.COM;.EXE;.BAT;.CMD;.VBS;.VBE;.JS;.JSE;.WSF;.WSH;.MSC'
    'WINDIR' => 'C:\\Windows'
    'SERVER_SIGNATURE' => '<address>Apache/2.4.29 (Win32) OpenSSL/1.1.0g PHP/7.2.2 Server at localhost Port 80</address>
'
    'SERVER_SOFTWARE' => 'Apache/2.4.29 (Win32) OpenSSL/1.1.0g PHP/7.2.2'
    'SERVER_NAME' => 'localhost'
    'SERVER_ADDR' => '::1'
    'SERVER_PORT' => '80'
    'REMOTE_ADDR' => '::1'
    'DOCUMENT_ROOT' => 'C:/xampp/htdocs'
    'REQUEST_SCHEME' => 'http'
    'CONTEXT_PREFIX' => ''
    'CONTEXT_DOCUMENT_ROOT' => 'C:/xampp/htdocs'
    'SERVER_ADMIN' => 'postmaster@localhost'
    'SCRIPT_FILENAME' => 'C:/xampp/htdocs/yii2-app-advanced/api/web/index.php'
    'REMOTE_PORT' => '54283'
    'REDIRECT_URL' => '/yii2-app-advanced/api/web/v1/users'
    'GATEWAY_INTERFACE' => 'CGI/1.1'
    'SERVER_PROTOCOL' => 'HTTP/1.1'
    'REQUEST_METHOD' => 'GET'
    'QUERY_STRING' => ''
    'REQUEST_URI' => '/yii2-app-advanced/api/web/v1/users'
    'SCRIPT_NAME' => '/yii2-app-advanced/api/web/index.php'
    'PHP_SELF' => '/yii2-app-advanced/api/web/index.php'
    'PHP_AUTH_USER' => 'Amar Sen'
    'PHP_AUTH_PW' => 'amar@mail.com'
    'REQUEST_TIME_FLOAT' => 1520934179.354
    'REQUEST_TIME' => 1520934179
]
2018-03-13 10:44:45 [::1][-][-][error][Error] Error: Class 'api\modules\v1\controllers\User' not found in C:\xampp\htdocs\yii2-app-advanced\api\modules\v1\controllers\UserController.php:22
Stack trace:
#0 [internal function]: api\modules\v1\controllers\UserController->api\modules\v1\controllers\{closure}('Amar Sen', 'amar@mail.com')
#1 C:\xampp\htdocs\yii2-app-advanced\vendor\yiisoft\yii2\filters\auth\HttpBasicAuth.php(99): call_user_func(Object(Closure), 'Amar Sen', 'amar@mail.com')
#2 C:\xampp\htdocs\yii2-app-advanced\vendor\yiisoft\yii2\filters\auth\AuthMethod.php(61): yii\filters\auth\HttpBasicAuth->authenticate(Object(yii\web\User), Object(yii\web\Request), Object(yii\web\Response))
#3 C:\xampp\htdocs\yii2-app-advanced\vendor\yiisoft\yii2\base\ActionFilter.php(77): yii\filters\auth\AuthMethod->beforeAction(Object(yii\rest\IndexAction))
#4 [internal function]: yii\base\ActionFilter->beforeFilter(Object(yii\base\ActionEvent))
#5 C:\xampp\htdocs\yii2-app-advanced\vendor\yiisoft\yii2\base\Component.php(626): call_user_func(Array, Object(yii\base\ActionEvent))
#6 C:\xampp\htdocs\yii2-app-advanced\vendor\yiisoft\yii2\base\Controller.php(274): yii\base\Component->trigger('beforeAction', Object(yii\base\ActionEvent))
#7 C:\xampp\htdocs\yii2-app-advanced\vendor\yiisoft\yii2\web\Controller.php(164): yii\base\Controller->beforeAction(Object(yii\rest\IndexAction))
#8 C:\xampp\htdocs\yii2-app-advanced\vendor\yiisoft\yii2\base\Controller.php(155): yii\web\Controller->beforeAction(Object(yii\rest\IndexAction))
#9 C:\xampp\htdocs\yii2-app-advanced\vendor\yiisoft\yii2\base\Module.php(528): yii\base\Controller->runAction('index', Array)
#10 C:\xampp\htdocs\yii2-app-advanced\vendor\yiisoft\yii2\web\Application.php(103): yii\base\Module->runAction('v1/user/index', Array)
#11 C:\xampp\htdocs\yii2-app-advanced\vendor\yiisoft\yii2\base\Application.php(386): yii\web\Application->handleRequest(Object(yii\web\Request))
#12 C:\xampp\htdocs\yii2-app-advanced\api\web\index.php(17): yii\base\Application->run()
#13 {main}
2018-03-13 10:44:45 [::1][-][-][info][application] $_GET = []

$_POST = []

$_FILES = []

$_COOKIE = []

$_SERVER = [
    'REDIRECT_MIBDIRS' => 'C:/xampp/php/extras/mibs'
    'REDIRECT_MYSQL_HOME' => '\\xampp\\mysql\\bin'
    'REDIRECT_OPENSSL_CONF' => 'C:/xampp/apache/bin/openssl.cnf'
    'REDIRECT_PHP_PEAR_SYSCONF_DIR' => '\\xampp\\php'
    'REDIRECT_PHPRC' => '\\xampp\\php'
    'REDIRECT_TMP' => '\\xampp\\tmp'
    'REDIRECT_STATUS' => '200'
    'MIBDIRS' => 'C:/xampp/php/extras/mibs'
    'MYSQL_HOME' => '\\xampp\\mysql\\bin'
    'OPENSSL_CONF' => 'C:/xampp/apache/bin/openssl.cnf'
    'PHP_PEAR_SYSCONF_DIR' => '\\xampp\\php'
    'PHPRC' => '\\xampp\\php'
    'TMP' => '\\xampp\\tmp'
    'HTTP_HOST' => 'localhost'
    'HTTP_CONNECTION' => 'keep-alive'
    'HTTP_POSTMAN_TOKEN' => '9788ba5c-9d7f-1f81-f677-7db7660aee6d'
    'HTTP_CACHE_CONTROL' => 'no-cache'
    'HTTP_USER_AGENT' => 'Mozilla/5.0 (Windows NT 6.1) AppleWebKit/537.36 (KHTML, like Gecko) Chrome/65.0.3325.146 Safari/537.36'
    'CONTENT_TYPE' => 'application/x-www-form-urlencoded'
    'HTTP_ACCEPT' => '*/*'
    'HTTP_ACCEPT_ENCODING' => 'gzip, deflate, br'
    'HTTP_ACCEPT_LANGUAGE' => 'en-US,en;q=0.9'
    'PATH' => 'C:\\Program Files\\Common Files\\Microsoft Shared\\Windows Live;C:\\Windows\\system32;C:\\Windows;C:\\Windows\\System32\\Wbem;C:\\Windows\\System32\\WindowsPowerShell\\v1.0\\;C:\\Program Files\\Windows Live\\Shared;C:\\Program Files\\Microsoft\\Web Platform Installer\\;C:\\Program Files\\Microsoft ASP.NET\\ASP.NET Web Pages\\v1.0\\;C:\\Program Files\\nodejs\\;C:\\xampp\\php;C:\\Users\\ZMART\\AppData\\Local\\ComposerSetup\\bin;C:\\Users\\ZMART\\AppData\\Roaming\\Composer\\vendor\\bin;C:\\Users\\ZMART\\AppData\\Local\\Programs\\Git\\cmd;C:\\Users\\ZMART\\AppData\\Roaming\\npm'
    'SystemRoot' => 'C:\\Windows'
    'COMSPEC' => 'C:\\Windows\\system32\\cmd.exe'
    'PATHEXT' => '.COM;.EXE;.BAT;.CMD;.VBS;.VBE;.JS;.JSE;.WSF;.WSH;.MSC'
    'WINDIR' => 'C:\\Windows'
    'SERVER_SIGNATURE' => '<address>Apache/2.4.29 (Win32) OpenSSL/1.1.0g PHP/7.2.2 Server at localhost Port 80</address>
'
    'SERVER_SOFTWARE' => 'Apache/2.4.29 (Win32) OpenSSL/1.1.0g PHP/7.2.2'
    'SERVER_NAME' => 'localhost'
    'SERVER_ADDR' => '::1'
    'SERVER_PORT' => '80'
    'REMOTE_ADDR' => '::1'
    'DOCUMENT_ROOT' => 'C:/xampp/htdocs'
    'REQUEST_SCHEME' => 'http'
    'CONTEXT_PREFIX' => ''
    'CONTEXT_DOCUMENT_ROOT' => 'C:/xampp/htdocs'
    'SERVER_ADMIN' => 'postmaster@localhost'
    'SCRIPT_FILENAME' => 'C:/xampp/htdocs/yii2-app-advanced/api/web/index.php'
    'REMOTE_PORT' => '54289'
    'REDIRECT_URL' => '/yii2-app-advanced/api/web/v1/users'
    'GATEWAY_INTERFACE' => 'CGI/1.1'
    'SERVER_PROTOCOL' => 'HTTP/1.1'
    'REQUEST_METHOD' => 'GET'
    'QUERY_STRING' => ''
    'REQUEST_URI' => '/yii2-app-advanced/api/web/v1/users'
    'SCRIPT_NAME' => '/yii2-app-advanced/api/web/index.php'
    'PHP_SELF' => '/yii2-app-advanced/api/web/index.php'
    'PHP_AUTH_USER' => 'Amar Sen'
    'PHP_AUTH_PW' => 'amar@mail.com'
    'REQUEST_TIME_FLOAT' => 1520934285.271
    'REQUEST_TIME' => 1520934285
]
2018-03-13 10:46:13 [::1][-][-][error][yii\web\HttpException:401] yii\web\UnauthorizedHttpException: Your request was made with invalid credentials. in C:\xampp\htdocs\yii2-app-advanced\vendor\yiisoft\yii2\filters\auth\AuthMethod.php:93
Stack trace:
#0 C:\xampp\htdocs\yii2-app-advanced\vendor\yiisoft\yii2\filters\auth\HttpBasicAuth.php(102): yii\filters\auth\AuthMethod->handleFailure(Object(yii\web\Response))
#1 C:\xampp\htdocs\yii2-app-advanced\vendor\yiisoft\yii2\filters\auth\AuthMethod.php(61): yii\filters\auth\HttpBasicAuth->authenticate(Object(yii\web\User), Object(yii\web\Request), Object(yii\web\Response))
#2 C:\xampp\htdocs\yii2-app-advanced\vendor\yiisoft\yii2\base\ActionFilter.php(77): yii\filters\auth\AuthMethod->beforeAction(Object(yii\rest\IndexAction))
#3 [internal function]: yii\base\ActionFilter->beforeFilter(Object(yii\base\ActionEvent))
#4 C:\xampp\htdocs\yii2-app-advanced\vendor\yiisoft\yii2\base\Component.php(626): call_user_func(Array, Object(yii\base\ActionEvent))
#5 C:\xampp\htdocs\yii2-app-advanced\vendor\yiisoft\yii2\base\Controller.php(274): yii\base\Component->trigger('beforeAction', Object(yii\base\ActionEvent))
#6 C:\xampp\htdocs\yii2-app-advanced\vendor\yiisoft\yii2\web\Controller.php(164): yii\base\Controller->beforeAction(Object(yii\rest\IndexAction))
#7 C:\xampp\htdocs\yii2-app-advanced\vendor\yiisoft\yii2\base\Controller.php(155): yii\web\Controller->beforeAction(Object(yii\rest\IndexAction))
#8 C:\xampp\htdocs\yii2-app-advanced\vendor\yiisoft\yii2\base\Module.php(528): yii\base\Controller->runAction('index', Array)
#9 C:\xampp\htdocs\yii2-app-advanced\vendor\yiisoft\yii2\web\Application.php(103): yii\base\Module->runAction('v1/user/index', Array)
#10 C:\xampp\htdocs\yii2-app-advanced\vendor\yiisoft\yii2\base\Application.php(386): yii\web\Application->handleRequest(Object(yii\web\Request))
#11 C:\xampp\htdocs\yii2-app-advanced\api\web\index.php(17): yii\base\Application->run()
#12 {main}
2018-03-13 10:46:13 [::1][-][-][info][application] $_GET = []

$_POST = []

$_FILES = []

$_COOKIE = []

$_SERVER = [
    'REDIRECT_MIBDIRS' => 'C:/xampp/php/extras/mibs'
    'REDIRECT_MYSQL_HOME' => '\\xampp\\mysql\\bin'
    'REDIRECT_OPENSSL_CONF' => 'C:/xampp/apache/bin/openssl.cnf'
    'REDIRECT_PHP_PEAR_SYSCONF_DIR' => '\\xampp\\php'
    'REDIRECT_PHPRC' => '\\xampp\\php'
    'REDIRECT_TMP' => '\\xampp\\tmp'
    'REDIRECT_STATUS' => '200'
    'MIBDIRS' => 'C:/xampp/php/extras/mibs'
    'MYSQL_HOME' => '\\xampp\\mysql\\bin'
    'OPENSSL_CONF' => 'C:/xampp/apache/bin/openssl.cnf'
    'PHP_PEAR_SYSCONF_DIR' => '\\xampp\\php'
    'PHPRC' => '\\xampp\\php'
    'TMP' => '\\xampp\\tmp'
    'HTTP_HOST' => 'localhost'
    'HTTP_CONNECTION' => 'keep-alive'
    'HTTP_POSTMAN_TOKEN' => '71f71198-a8b6-e365-13d2-0d6781208a34'
    'HTTP_CACHE_CONTROL' => 'no-cache'
    'HTTP_USER_AGENT' => 'Mozilla/5.0 (Windows NT 6.1) AppleWebKit/537.36 (KHTML, like Gecko) Chrome/65.0.3325.146 Safari/537.36'
    'CONTENT_TYPE' => 'application/x-www-form-urlencoded'
    'HTTP_ACCEPT' => '*/*'
    'HTTP_ACCEPT_ENCODING' => 'gzip, deflate, br'
    'HTTP_ACCEPT_LANGUAGE' => 'en-US,en;q=0.9'
    'PATH' => 'C:\\Program Files\\Common Files\\Microsoft Shared\\Windows Live;C:\\Windows\\system32;C:\\Windows;C:\\Windows\\System32\\Wbem;C:\\Windows\\System32\\WindowsPowerShell\\v1.0\\;C:\\Program Files\\Windows Live\\Shared;C:\\Program Files\\Microsoft\\Web Platform Installer\\;C:\\Program Files\\Microsoft ASP.NET\\ASP.NET Web Pages\\v1.0\\;C:\\Program Files\\nodejs\\;C:\\xampp\\php;C:\\Users\\ZMART\\AppData\\Local\\ComposerSetup\\bin;C:\\Users\\ZMART\\AppData\\Roaming\\Composer\\vendor\\bin;C:\\Users\\ZMART\\AppData\\Local\\Programs\\Git\\cmd;C:\\Users\\ZMART\\AppData\\Roaming\\npm'
    'SystemRoot' => 'C:\\Windows'
    'COMSPEC' => 'C:\\Windows\\system32\\cmd.exe'
    'PATHEXT' => '.COM;.EXE;.BAT;.CMD;.VBS;.VBE;.JS;.JSE;.WSF;.WSH;.MSC'
    'WINDIR' => 'C:\\Windows'
    'SERVER_SIGNATURE' => '<address>Apache/2.4.29 (Win32) OpenSSL/1.1.0g PHP/7.2.2 Server at localhost Port 80</address>
'
    'SERVER_SOFTWARE' => 'Apache/2.4.29 (Win32) OpenSSL/1.1.0g PHP/7.2.2'
    'SERVER_NAME' => 'localhost'
    'SERVER_ADDR' => '::1'
    'SERVER_PORT' => '80'
    'REMOTE_ADDR' => '::1'
    'DOCUMENT_ROOT' => 'C:/xampp/htdocs'
    'REQUEST_SCHEME' => 'http'
    'CONTEXT_PREFIX' => ''
    'CONTEXT_DOCUMENT_ROOT' => 'C:/xampp/htdocs'
    'SERVER_ADMIN' => 'postmaster@localhost'
    'SCRIPT_FILENAME' => 'C:/xampp/htdocs/yii2-app-advanced/api/web/index.php'
    'REMOTE_PORT' => '54293'
    'REDIRECT_URL' => '/yii2-app-advanced/api/web/v1/users'
    'GATEWAY_INTERFACE' => 'CGI/1.1'
    'SERVER_PROTOCOL' => 'HTTP/1.1'
    'REQUEST_METHOD' => 'GET'
    'QUERY_STRING' => ''
    'REQUEST_URI' => '/yii2-app-advanced/api/web/v1/users'
    'SCRIPT_NAME' => '/yii2-app-advanced/api/web/index.php'
    'PHP_SELF' => '/yii2-app-advanced/api/web/index.php'
    'PHP_AUTH_USER' => 'Amar Sen'
    'PHP_AUTH_PW' => 'amar@mail.com'
    'REQUEST_TIME_FLOAT' => 1520934373.354
    'REQUEST_TIME' => 1520934373
]
2018-03-13 10:47:33 [::1][-][-][error][yii\base\InvalidConfigException] yii\base\InvalidConfigException: The "modelClass" property must be set. in C:\xampp\htdocs\yii2-app-advanced\vendor\yiisoft\yii2\rest\ActiveController.php:65
Stack trace:
#0 C:\xampp\htdocs\yii2-app-advanced\vendor\yiisoft\yii2\base\BaseObject.php(109): yii\rest\ActiveController->init()
#1 C:\xampp\htdocs\yii2-app-advanced\vendor\yiisoft\yii2\base\Controller.php(86): yii\base\BaseObject->__construct(Array)
#2 [internal function]: yii\base\Controller->__construct('user', Object(api\modules\v1\Module), Array)
#3 C:\xampp\htdocs\yii2-app-advanced\vendor\yiisoft\yii2\di\Container.php(375): ReflectionClass->newInstanceArgs(Array)
#4 C:\xampp\htdocs\yii2-app-advanced\vendor\yiisoft\yii2\di\Container.php(156): yii\di\Container->build('api\\modules\\v1\\...', Array, Array)
#5 C:\xampp\htdocs\yii2-app-advanced\vendor\yiisoft\yii2\BaseYii.php(345): yii\di\Container->get('api\\modules\\v1\\...', Array)
#6 C:\xampp\htdocs\yii2-app-advanced\vendor\yiisoft\yii2\base\Module.php(642): yii\BaseYii::createObject('api\\modules\\v1\\...', Array)
#7 C:\xampp\htdocs\yii2-app-advanced\vendor\yiisoft\yii2\base\Module.php(596): yii\base\Module->createControllerByID('user')
#8 C:\xampp\htdocs\yii2-app-advanced\vendor\yiisoft\yii2\base\Module.php(588): yii\base\Module->createController('index')
#9 C:\xampp\htdocs\yii2-app-advanced\vendor\yiisoft\yii2\base\Module.php(522): yii\base\Module->createController('user/index')
#10 C:\xampp\htdocs\yii2-app-advanced\vendor\yiisoft\yii2\web\Application.php(103): yii\base\Module->runAction('v1/user/index', Array)
#11 C:\xampp\htdocs\yii2-app-advanced\vendor\yiisoft\yii2\base\Application.php(386): yii\web\Application->handleRequest(Object(yii\web\Request))
#12 C:\xampp\htdocs\yii2-app-advanced\api\web\index.php(17): yii\base\Application->run()
#13 {main}
2018-03-13 10:47:33 [::1][-][-][info][application] $_GET = []

$_POST = []

$_FILES = []

$_COOKIE = []

$_SERVER = [
    'REDIRECT_MIBDIRS' => 'C:/xampp/php/extras/mibs'
    'REDIRECT_MYSQL_HOME' => '\\xampp\\mysql\\bin'
    'REDIRECT_OPENSSL_CONF' => 'C:/xampp/apache/bin/openssl.cnf'
    'REDIRECT_PHP_PEAR_SYSCONF_DIR' => '\\xampp\\php'
    'REDIRECT_PHPRC' => '\\xampp\\php'
    'REDIRECT_TMP' => '\\xampp\\tmp'
    'REDIRECT_STATUS' => '200'
    'MIBDIRS' => 'C:/xampp/php/extras/mibs'
    'MYSQL_HOME' => '\\xampp\\mysql\\bin'
    'OPENSSL_CONF' => 'C:/xampp/apache/bin/openssl.cnf'
    'PHP_PEAR_SYSCONF_DIR' => '\\xampp\\php'
    'PHPRC' => '\\xampp\\php'
    'TMP' => '\\xampp\\tmp'
    'HTTP_HOST' => 'localhost'
    'HTTP_CONNECTION' => 'keep-alive'
    'HTTP_POSTMAN_TOKEN' => '8999c4d8-2a36-bbff-f1b0-e9d3ee845dfe'
    'HTTP_CACHE_CONTROL' => 'no-cache'
    'HTTP_USER_AGENT' => 'Mozilla/5.0 (Windows NT 6.1) AppleWebKit/537.36 (KHTML, like Gecko) Chrome/65.0.3325.146 Safari/537.36'
    'CONTENT_TYPE' => 'application/x-www-form-urlencoded'
    'HTTP_ACCEPT' => '*/*'
    'HTTP_ACCEPT_ENCODING' => 'gzip, deflate, br'
    'HTTP_ACCEPT_LANGUAGE' => 'en-US,en;q=0.9'
    'PATH' => 'C:\\Program Files\\Common Files\\Microsoft Shared\\Windows Live;C:\\Windows\\system32;C:\\Windows;C:\\Windows\\System32\\Wbem;C:\\Windows\\System32\\WindowsPowerShell\\v1.0\\;C:\\Program Files\\Windows Live\\Shared;C:\\Program Files\\Microsoft\\Web Platform Installer\\;C:\\Program Files\\Microsoft ASP.NET\\ASP.NET Web Pages\\v1.0\\;C:\\Program Files\\nodejs\\;C:\\xampp\\php;C:\\Users\\ZMART\\AppData\\Local\\ComposerSetup\\bin;C:\\Users\\ZMART\\AppData\\Roaming\\Composer\\vendor\\bin;C:\\Users\\ZMART\\AppData\\Local\\Programs\\Git\\cmd;C:\\Users\\ZMART\\AppData\\Roaming\\npm'
    'SystemRoot' => 'C:\\Windows'
    'COMSPEC' => 'C:\\Windows\\system32\\cmd.exe'
    'PATHEXT' => '.COM;.EXE;.BAT;.CMD;.VBS;.VBE;.JS;.JSE;.WSF;.WSH;.MSC'
    'WINDIR' => 'C:\\Windows'
    'SERVER_SIGNATURE' => '<address>Apache/2.4.29 (Win32) OpenSSL/1.1.0g PHP/7.2.2 Server at localhost Port 80</address>
'
    'SERVER_SOFTWARE' => 'Apache/2.4.29 (Win32) OpenSSL/1.1.0g PHP/7.2.2'
    'SERVER_NAME' => 'localhost'
    'SERVER_ADDR' => '::1'
    'SERVER_PORT' => '80'
    'REMOTE_ADDR' => '::1'
    'DOCUMENT_ROOT' => 'C:/xampp/htdocs'
    'REQUEST_SCHEME' => 'http'
    'CONTEXT_PREFIX' => ''
    'CONTEXT_DOCUMENT_ROOT' => 'C:/xampp/htdocs'
    'SERVER_ADMIN' => 'postmaster@localhost'
    'SCRIPT_FILENAME' => 'C:/xampp/htdocs/yii2-app-advanced/api/web/index.php'
    'REMOTE_PORT' => '54300'
    'REDIRECT_URL' => '/yii2-app-advanced/api/web/v1/users'
    'GATEWAY_INTERFACE' => 'CGI/1.1'
    'SERVER_PROTOCOL' => 'HTTP/1.1'
    'REQUEST_METHOD' => 'GET'
    'QUERY_STRING' => ''
    'REQUEST_URI' => '/yii2-app-advanced/api/web/v1/users'
    'SCRIPT_NAME' => '/yii2-app-advanced/api/web/index.php'
    'PHP_SELF' => '/yii2-app-advanced/api/web/index.php'
    'PHP_AUTH_USER' => 'AmarSen'
    'PHP_AUTH_PW' => 'amar@mail.com'
    'REQUEST_TIME_FLOAT' => 1520934453.409
    'REQUEST_TIME' => 1520934453
]
2018-03-13 10:50:01 [::1][1][-][error][yii\web\HttpException:404] yii\web\NotFoundHttpException: Object not found: 2 in C:\xampp\htdocs\yii2-app-advanced\vendor\yiisoft\yii2\rest\Action.php:104
Stack trace:
#0 C:\xampp\htdocs\yii2-app-advanced\vendor\yiisoft\yii2\rest\ViewAction.php(29): yii\rest\Action->findModel('2')
#1 [internal function]: yii\rest\ViewAction->run('2')
#2 C:\xampp\htdocs\yii2-app-advanced\vendor\yiisoft\yii2\base\Action.php(94): call_user_func_array(Array, Array)
#3 C:\xampp\htdocs\yii2-app-advanced\vendor\yiisoft\yii2\base\Controller.php(157): yii\base\Action->runWithParams(Array)
#4 C:\xampp\htdocs\yii2-app-advanced\vendor\yiisoft\yii2\base\Module.php(528): yii\base\Controller->runAction('view', Array)
#5 C:\xampp\htdocs\yii2-app-advanced\vendor\yiisoft\yii2\web\Application.php(103): yii\base\Module->runAction('v1/user/view', Array)
#6 C:\xampp\htdocs\yii2-app-advanced\vendor\yiisoft\yii2\base\Application.php(386): yii\web\Application->handleRequest(Object(yii\web\Request))
#7 C:\xampp\htdocs\yii2-app-advanced\api\web\index.php(17): yii\base\Application->run()
#8 {main}
2018-03-13 10:50:01 [::1][1][-][info][application] $_GET = [
    'id' => '2'
]

$_POST = []

$_FILES = []

$_COOKIE = []

$_SERVER = [
    'REDIRECT_MIBDIRS' => 'C:/xampp/php/extras/mibs'
    'REDIRECT_MYSQL_HOME' => '\\xampp\\mysql\\bin'
    'REDIRECT_OPENSSL_CONF' => 'C:/xampp/apache/bin/openssl.cnf'
    'REDIRECT_PHP_PEAR_SYSCONF_DIR' => '\\xampp\\php'
    'REDIRECT_PHPRC' => '\\xampp\\php'
    'REDIRECT_TMP' => '\\xampp\\tmp'
    'REDIRECT_STATUS' => '200'
    'MIBDIRS' => 'C:/xampp/php/extras/mibs'
    'MYSQL_HOME' => '\\xampp\\mysql\\bin'
    'OPENSSL_CONF' => 'C:/xampp/apache/bin/openssl.cnf'
    'PHP_PEAR_SYSCONF_DIR' => '\\xampp\\php'
    'PHPRC' => '\\xampp\\php'
    'TMP' => '\\xampp\\tmp'
    'HTTP_HOST' => 'localhost'
    'HTTP_CONNECTION' => 'keep-alive'
    'HTTP_POSTMAN_TOKEN' => 'ba41cc62-b256-6e79-3083-b322c826af65'
    'HTTP_CACHE_CONTROL' => 'no-cache'
    'HTTP_USER_AGENT' => 'Mozilla/5.0 (Windows NT 6.1) AppleWebKit/537.36 (KHTML, like Gecko) Chrome/65.0.3325.146 Safari/537.36'
    'CONTENT_TYPE' => 'application/x-www-form-urlencoded'
    'HTTP_ACCEPT' => '*/*'
    'HTTP_ACCEPT_ENCODING' => 'gzip, deflate, br'
    'HTTP_ACCEPT_LANGUAGE' => 'en-US,en;q=0.9'
    'PATH' => 'C:\\Program Files\\Common Files\\Microsoft Shared\\Windows Live;C:\\Windows\\system32;C:\\Windows;C:\\Windows\\System32\\Wbem;C:\\Windows\\System32\\WindowsPowerShell\\v1.0\\;C:\\Program Files\\Windows Live\\Shared;C:\\Program Files\\Microsoft\\Web Platform Installer\\;C:\\Program Files\\Microsoft ASP.NET\\ASP.NET Web Pages\\v1.0\\;C:\\Program Files\\nodejs\\;C:\\xampp\\php;C:\\Users\\ZMART\\AppData\\Local\\ComposerSetup\\bin;C:\\Users\\ZMART\\AppData\\Roaming\\Composer\\vendor\\bin;C:\\Users\\ZMART\\AppData\\Local\\Programs\\Git\\cmd;C:\\Users\\ZMART\\AppData\\Roaming\\npm'
    'SystemRoot' => 'C:\\Windows'
    'COMSPEC' => 'C:\\Windows\\system32\\cmd.exe'
    'PATHEXT' => '.COM;.EXE;.BAT;.CMD;.VBS;.VBE;.JS;.JSE;.WSF;.WSH;.MSC'
    'WINDIR' => 'C:\\Windows'
    'SERVER_SIGNATURE' => '<address>Apache/2.4.29 (Win32) OpenSSL/1.1.0g PHP/7.2.2 Server at localhost Port 80</address>
'
    'SERVER_SOFTWARE' => 'Apache/2.4.29 (Win32) OpenSSL/1.1.0g PHP/7.2.2'
    'SERVER_NAME' => 'localhost'
    'SERVER_ADDR' => '::1'
    'SERVER_PORT' => '80'
    'REMOTE_ADDR' => '::1'
    'DOCUMENT_ROOT' => 'C:/xampp/htdocs'
    'REQUEST_SCHEME' => 'http'
    'CONTEXT_PREFIX' => ''
    'CONTEXT_DOCUMENT_ROOT' => 'C:/xampp/htdocs'
    'SERVER_ADMIN' => 'postmaster@localhost'
    'SCRIPT_FILENAME' => 'C:/xampp/htdocs/yii2-app-advanced/api/web/index.php'
    'REMOTE_PORT' => '54311'
    'REDIRECT_URL' => '/yii2-app-advanced/api/web/v1/users/2'
    'GATEWAY_INTERFACE' => 'CGI/1.1'
    'SERVER_PROTOCOL' => 'HTTP/1.1'
    'REQUEST_METHOD' => 'GET'
    'QUERY_STRING' => ''
    'REQUEST_URI' => '/yii2-app-advanced/api/web/v1/users/2'
    'SCRIPT_NAME' => '/yii2-app-advanced/api/web/index.php'
    'PHP_SELF' => '/yii2-app-advanced/api/web/index.php'
    'PHP_AUTH_USER' => 'AmarSen'
    'PHP_AUTH_PW' => 'amar@mail.com'
    'REQUEST_TIME_FLOAT' => 1520934601.179
    'REQUEST_TIME' => 1520934601
]
2018-03-13 10:55:52 [::1][-][-][error][yii\web\HttpException:401] yii\web\UnauthorizedHttpException: Your request was made with invalid credentials. in C:\xampp\htdocs\yii2-app-advanced\vendor\yiisoft\yii2\filters\auth\AuthMethod.php:93
Stack trace:
#0 C:\xampp\htdocs\yii2-app-advanced\vendor\yiisoft\yii2\filters\auth\AuthMethod.php(76): yii\filters\auth\AuthMethod->handleFailure(Object(yii\web\Response))
#1 C:\xampp\htdocs\yii2-app-advanced\vendor\yiisoft\yii2\base\ActionFilter.php(77): yii\filters\auth\AuthMethod->beforeAction(Object(yii\rest\ViewAction))
#2 [internal function]: yii\base\ActionFilter->beforeFilter(Object(yii\base\ActionEvent))
#3 C:\xampp\htdocs\yii2-app-advanced\vendor\yiisoft\yii2\base\Component.php(626): call_user_func(Array, Object(yii\base\ActionEvent))
#4 C:\xampp\htdocs\yii2-app-advanced\vendor\yiisoft\yii2\base\Controller.php(274): yii\base\Component->trigger('beforeAction', Object(yii\base\ActionEvent))
#5 C:\xampp\htdocs\yii2-app-advanced\vendor\yiisoft\yii2\web\Controller.php(164): yii\base\Controller->beforeAction(Object(yii\rest\ViewAction))
#6 C:\xampp\htdocs\yii2-app-advanced\vendor\yiisoft\yii2\base\Controller.php(155): yii\web\Controller->beforeAction(Object(yii\rest\ViewAction))
#7 C:\xampp\htdocs\yii2-app-advanced\vendor\yiisoft\yii2\base\Module.php(528): yii\base\Controller->runAction('view', Array)
#8 C:\xampp\htdocs\yii2-app-advanced\vendor\yiisoft\yii2\web\Application.php(103): yii\base\Module->runAction('v1/user/view', Array)
#9 C:\xampp\htdocs\yii2-app-advanced\vendor\yiisoft\yii2\base\Application.php(386): yii\web\Application->handleRequest(Object(yii\web\Request))
#10 C:\xampp\htdocs\yii2-app-advanced\api\web\index.php(17): yii\base\Application->run()
#11 {main}
2018-03-13 10:55:52 [::1][-][-][info][application] $_GET = [
    'id' => '1'
]

$_POST = []

$_FILES = []

$_COOKIE = []

$_SERVER = [
    'REDIRECT_MIBDIRS' => 'C:/xampp/php/extras/mibs'
    'REDIRECT_MYSQL_HOME' => '\\xampp\\mysql\\bin'
    'REDIRECT_OPENSSL_CONF' => 'C:/xampp/apache/bin/openssl.cnf'
    'REDIRECT_PHP_PEAR_SYSCONF_DIR' => '\\xampp\\php'
    'REDIRECT_PHPRC' => '\\xampp\\php'
    'REDIRECT_TMP' => '\\xampp\\tmp'
    'REDIRECT_STATUS' => '200'
    'MIBDIRS' => 'C:/xampp/php/extras/mibs'
    'MYSQL_HOME' => '\\xampp\\mysql\\bin'
    'OPENSSL_CONF' => 'C:/xampp/apache/bin/openssl.cnf'
    'PHP_PEAR_SYSCONF_DIR' => '\\xampp\\php'
    'PHPRC' => '\\xampp\\php'
    'TMP' => '\\xampp\\tmp'
    'HTTP_HOST' => 'localhost'
    'HTTP_CONNECTION' => 'keep-alive'
    'HTTP_CACHE_CONTROL' => 'no-cache'
    'CONTENT_TYPE' => 'application/x-www-form-urlencoded'
    'HTTP_USER_AGENT' => 'Mozilla/5.0 (Windows NT 6.1) AppleWebKit/537.36 (KHTML, like Gecko) Chrome/65.0.3325.146 Safari/537.36'
    'HTTP_POSTMAN_TOKEN' => 'd4839534-d40b-10c7-9a3b-55c2ee3941ff'
    'HTTP_ACCEPT' => '*/*'
    'HTTP_ACCEPT_ENCODING' => 'gzip, deflate, br'
    'HTTP_ACCEPT_LANGUAGE' => 'en-US,en;q=0.9'
    'PATH' => 'C:\\Program Files\\Common Files\\Microsoft Shared\\Windows Live;C:\\Windows\\system32;C:\\Windows;C:\\Windows\\System32\\Wbem;C:\\Windows\\System32\\WindowsPowerShell\\v1.0\\;C:\\Program Files\\Windows Live\\Shared;C:\\Program Files\\Microsoft\\Web Platform Installer\\;C:\\Program Files\\Microsoft ASP.NET\\ASP.NET Web Pages\\v1.0\\;C:\\Program Files\\nodejs\\;C:\\xampp\\php;C:\\Users\\ZMART\\AppData\\Local\\ComposerSetup\\bin;C:\\Users\\ZMART\\AppData\\Roaming\\Composer\\vendor\\bin;C:\\Users\\ZMART\\AppData\\Local\\Programs\\Git\\cmd;C:\\Users\\ZMART\\AppData\\Roaming\\npm'
    'SystemRoot' => 'C:\\Windows'
    'COMSPEC' => 'C:\\Windows\\system32\\cmd.exe'
    'PATHEXT' => '.COM;.EXE;.BAT;.CMD;.VBS;.VBE;.JS;.JSE;.WSF;.WSH;.MSC'
    'WINDIR' => 'C:\\Windows'
    'SERVER_SIGNATURE' => '<address>Apache/2.4.29 (Win32) OpenSSL/1.1.0g PHP/7.2.2 Server at localhost Port 80</address>
'
    'SERVER_SOFTWARE' => 'Apache/2.4.29 (Win32) OpenSSL/1.1.0g PHP/7.2.2'
    'SERVER_NAME' => 'localhost'
    'SERVER_ADDR' => '::1'
    'SERVER_PORT' => '80'
    'REMOTE_ADDR' => '::1'
    'DOCUMENT_ROOT' => 'C:/xampp/htdocs'
    'REQUEST_SCHEME' => 'http'
    'CONTEXT_PREFIX' => ''
    'CONTEXT_DOCUMENT_ROOT' => 'C:/xampp/htdocs'
    'SERVER_ADMIN' => 'postmaster@localhost'
    'SCRIPT_FILENAME' => 'C:/xampp/htdocs/yii2-app-advanced/api/web/index.php'
    'REMOTE_PORT' => '54363'
    'REDIRECT_URL' => '/yii2-app-advanced/api/web/v1/users/1'
    'GATEWAY_INTERFACE' => 'CGI/1.1'
    'SERVER_PROTOCOL' => 'HTTP/1.1'
    'REQUEST_METHOD' => 'GET'
    'QUERY_STRING' => ''
    'REQUEST_URI' => '/yii2-app-advanced/api/web/v1/users/1'
    'SCRIPT_NAME' => '/yii2-app-advanced/api/web/index.php'
    'PHP_SELF' => '/yii2-app-advanced/api/web/index.php'
    'REQUEST_TIME_FLOAT' => 1520934952.118
    'REQUEST_TIME' => 1520934952
]
2018-03-13 10:55:58 [::1][-][-][error][yii\web\HttpException:401] yii\web\UnauthorizedHttpException: Your request was made with invalid credentials. in C:\xampp\htdocs\yii2-app-advanced\vendor\yiisoft\yii2\filters\auth\AuthMethod.php:93
Stack trace:
#0 C:\xampp\htdocs\yii2-app-advanced\vendor\yiisoft\yii2\filters\auth\AuthMethod.php(76): yii\filters\auth\AuthMethod->handleFailure(Object(yii\web\Response))
#1 C:\xampp\htdocs\yii2-app-advanced\vendor\yiisoft\yii2\base\ActionFilter.php(77): yii\filters\auth\AuthMethod->beforeAction(Object(yii\rest\ViewAction))
#2 [internal function]: yii\base\ActionFilter->beforeFilter(Object(yii\base\ActionEvent))
#3 C:\xampp\htdocs\yii2-app-advanced\vendor\yiisoft\yii2\base\Component.php(626): call_user_func(Array, Object(yii\base\ActionEvent))
#4 C:\xampp\htdocs\yii2-app-advanced\vendor\yiisoft\yii2\base\Controller.php(274): yii\base\Component->trigger('beforeAction', Object(yii\base\ActionEvent))
#5 C:\xampp\htdocs\yii2-app-advanced\vendor\yiisoft\yii2\web\Controller.php(164): yii\base\Controller->beforeAction(Object(yii\rest\ViewAction))
#6 C:\xampp\htdocs\yii2-app-advanced\vendor\yiisoft\yii2\base\Controller.php(155): yii\web\Controller->beforeAction(Object(yii\rest\ViewAction))
#7 C:\xampp\htdocs\yii2-app-advanced\vendor\yiisoft\yii2\base\Module.php(528): yii\base\Controller->runAction('view', Array)
#8 C:\xampp\htdocs\yii2-app-advanced\vendor\yiisoft\yii2\web\Application.php(103): yii\base\Module->runAction('v1/user/view', Array)
#9 C:\xampp\htdocs\yii2-app-advanced\vendor\yiisoft\yii2\base\Application.php(386): yii\web\Application->handleRequest(Object(yii\web\Request))
#10 C:\xampp\htdocs\yii2-app-advanced\api\web\index.php(17): yii\base\Application->run()
#11 {main}
2018-03-13 10:55:58 [::1][-][-][info][application] $_GET = [
    'id' => '1'
]

$_POST = []

$_FILES = []

$_COOKIE = []

$_SERVER = [
    'REDIRECT_MIBDIRS' => 'C:/xampp/php/extras/mibs'
    'REDIRECT_MYSQL_HOME' => '\\xampp\\mysql\\bin'
    'REDIRECT_OPENSSL_CONF' => 'C:/xampp/apache/bin/openssl.cnf'
    'REDIRECT_PHP_PEAR_SYSCONF_DIR' => '\\xampp\\php'
    'REDIRECT_PHPRC' => '\\xampp\\php'
    'REDIRECT_TMP' => '\\xampp\\tmp'
    'REDIRECT_STATUS' => '200'
    'MIBDIRS' => 'C:/xampp/php/extras/mibs'
    'MYSQL_HOME' => '\\xampp\\mysql\\bin'
    'OPENSSL_CONF' => 'C:/xampp/apache/bin/openssl.cnf'
    'PHP_PEAR_SYSCONF_DIR' => '\\xampp\\php'
    'PHPRC' => '\\xampp\\php'
    'TMP' => '\\xampp\\tmp'
    'HTTP_HOST' => 'localhost'
    'HTTP_CONNECTION' => 'keep-alive'
    'HTTP_CACHE_CONTROL' => 'no-cache'
    'CONTENT_TYPE' => 'application/x-www-form-urlencoded'
    'HTTP_USER_AGENT' => 'Mozilla/5.0 (Windows NT 6.1) AppleWebKit/537.36 (KHTML, like Gecko) Chrome/65.0.3325.146 Safari/537.36'
    'HTTP_POSTMAN_TOKEN' => 'fb83663c-98fe-e71a-66a2-b04a191085b5'
    'HTTP_ACCEPT' => '*/*'
    'HTTP_ACCEPT_ENCODING' => 'gzip, deflate, br'
    'HTTP_ACCEPT_LANGUAGE' => 'en-US,en;q=0.9'
    'PATH' => 'C:\\Program Files\\Common Files\\Microsoft Shared\\Windows Live;C:\\Windows\\system32;C:\\Windows;C:\\Windows\\System32\\Wbem;C:\\Windows\\System32\\WindowsPowerShell\\v1.0\\;C:\\Program Files\\Windows Live\\Shared;C:\\Program Files\\Microsoft\\Web Platform Installer\\;C:\\Program Files\\Microsoft ASP.NET\\ASP.NET Web Pages\\v1.0\\;C:\\Program Files\\nodejs\\;C:\\xampp\\php;C:\\Users\\ZMART\\AppData\\Local\\ComposerSetup\\bin;C:\\Users\\ZMART\\AppData\\Roaming\\Composer\\vendor\\bin;C:\\Users\\ZMART\\AppData\\Local\\Programs\\Git\\cmd;C:\\Users\\ZMART\\AppData\\Roaming\\npm'
    'SystemRoot' => 'C:\\Windows'
    'COMSPEC' => 'C:\\Windows\\system32\\cmd.exe'
    'PATHEXT' => '.COM;.EXE;.BAT;.CMD;.VBS;.VBE;.JS;.JSE;.WSF;.WSH;.MSC'
    'WINDIR' => 'C:\\Windows'
    'SERVER_SIGNATURE' => '<address>Apache/2.4.29 (Win32) OpenSSL/1.1.0g PHP/7.2.2 Server at localhost Port 80</address>
'
    'SERVER_SOFTWARE' => 'Apache/2.4.29 (Win32) OpenSSL/1.1.0g PHP/7.2.2'
    'SERVER_NAME' => 'localhost'
    'SERVER_ADDR' => '::1'
    'SERVER_PORT' => '80'
    'REMOTE_ADDR' => '::1'
    'DOCUMENT_ROOT' => 'C:/xampp/htdocs'
    'REQUEST_SCHEME' => 'http'
    'CONTEXT_PREFIX' => ''
    'CONTEXT_DOCUMENT_ROOT' => 'C:/xampp/htdocs'
    'SERVER_ADMIN' => 'postmaster@localhost'
    'SCRIPT_FILENAME' => 'C:/xampp/htdocs/yii2-app-advanced/api/web/index.php'
    'REMOTE_PORT' => '54365'
    'REDIRECT_URL' => '/yii2-app-advanced/api/web/v1/users/1'
    'GATEWAY_INTERFACE' => 'CGI/1.1'
    'SERVER_PROTOCOL' => 'HTTP/1.1'
    'REQUEST_METHOD' => 'GET'
    'QUERY_STRING' => ''
    'REQUEST_URI' => '/yii2-app-advanced/api/web/v1/users/1'
    'SCRIPT_NAME' => '/yii2-app-advanced/api/web/index.php'
    'PHP_SELF' => '/yii2-app-advanced/api/web/index.php'
    'REQUEST_TIME_FLOAT' => 1520934958.865
    'REQUEST_TIME' => 1520934958
]
2018-03-13 11:10:57 [::1][-][-][error][yii\web\HttpException:404] yii\base\InvalidRouteException: Unable to resolve the request: v1/user/login in C:\xampp\htdocs\yii2-app-advanced\vendor\yiisoft\yii2\base\Controller.php:128
Stack trace:
#0 C:\xampp\htdocs\yii2-app-advanced\vendor\yiisoft\yii2\base\Module.php(528): yii\base\Controller->runAction('login', Array)
#1 C:\xampp\htdocs\yii2-app-advanced\vendor\yiisoft\yii2\web\Application.php(103): yii\base\Module->runAction('v1/user/login', Array)
#2 C:\xampp\htdocs\yii2-app-advanced\vendor\yiisoft\yii2\base\Application.php(386): yii\web\Application->handleRequest(Object(yii\web\Request))
#3 C:\xampp\htdocs\yii2-app-advanced\api\web\index.php(17): yii\base\Application->run()
#4 {main}

Next yii\web\NotFoundHttpException: Page not found. in C:\xampp\htdocs\yii2-app-advanced\vendor\yiisoft\yii2\web\Application.php:115
Stack trace:
#0 C:\xampp\htdocs\yii2-app-advanced\vendor\yiisoft\yii2\base\Application.php(386): yii\web\Application->handleRequest(Object(yii\web\Request))
#1 C:\xampp\htdocs\yii2-app-advanced\api\web\index.php(17): yii\base\Application->run()
#2 {main}
2018-03-13 11:10:57 [::1][-][-][info][application] $_GET = []

$_POST = []

$_FILES = []

$_COOKIE = []

$_SERVER = [
    'REDIRECT_MIBDIRS' => 'C:/xampp/php/extras/mibs'
    'REDIRECT_MYSQL_HOME' => '\\xampp\\mysql\\bin'
    'REDIRECT_OPENSSL_CONF' => 'C:/xampp/apache/bin/openssl.cnf'
    'REDIRECT_PHP_PEAR_SYSCONF_DIR' => '\\xampp\\php'
    'REDIRECT_PHPRC' => '\\xampp\\php'
    'REDIRECT_TMP' => '\\xampp\\tmp'
    'REDIRECT_STATUS' => '200'
    'MIBDIRS' => 'C:/xampp/php/extras/mibs'
    'MYSQL_HOME' => '\\xampp\\mysql\\bin'
    'OPENSSL_CONF' => 'C:/xampp/apache/bin/openssl.cnf'
    'PHP_PEAR_SYSCONF_DIR' => '\\xampp\\php'
    'PHPRC' => '\\xampp\\php'
    'TMP' => '\\xampp\\tmp'
    'HTTP_HOST' => 'localhost'
    'HTTP_CONNECTION' => 'keep-alive'
    'HTTP_POSTMAN_TOKEN' => 'd286d4a4-5ea1-9362-267e-e08ad1154bc7'
    'HTTP_CACHE_CONTROL' => 'no-cache'
    'HTTP_USER_AGENT' => 'Mozilla/5.0 (Windows NT 6.1) AppleWebKit/537.36 (KHTML, like Gecko) Chrome/65.0.3325.146 Safari/537.36'
    'CONTENT_TYPE' => 'application/x-www-form-urlencoded'
    'HTTP_ACCEPT' => '*/*'
    'HTTP_ACCEPT_ENCODING' => 'gzip, deflate, br'
    'HTTP_ACCEPT_LANGUAGE' => 'en-US,en;q=0.9'
    'PATH' => 'C:\\Program Files\\Common Files\\Microsoft Shared\\Windows Live;C:\\Windows\\system32;C:\\Windows;C:\\Windows\\System32\\Wbem;C:\\Windows\\System32\\WindowsPowerShell\\v1.0\\;C:\\Program Files\\Windows Live\\Shared;C:\\Program Files\\Microsoft\\Web Platform Installer\\;C:\\Program Files\\Microsoft ASP.NET\\ASP.NET Web Pages\\v1.0\\;C:\\Program Files\\nodejs\\;C:\\xampp\\php;C:\\Users\\ZMART\\AppData\\Local\\ComposerSetup\\bin;C:\\Users\\ZMART\\AppData\\Roaming\\Composer\\vendor\\bin;C:\\Users\\ZMART\\AppData\\Local\\Programs\\Git\\cmd;C:\\Users\\ZMART\\AppData\\Roaming\\npm'
    'SystemRoot' => 'C:\\Windows'
    'COMSPEC' => 'C:\\Windows\\system32\\cmd.exe'
    'PATHEXT' => '.COM;.EXE;.BAT;.CMD;.VBS;.VBE;.JS;.JSE;.WSF;.WSH;.MSC'
    'WINDIR' => 'C:\\Windows'
    'SERVER_SIGNATURE' => '<address>Apache/2.4.29 (Win32) OpenSSL/1.1.0g PHP/7.2.2 Server at localhost Port 80</address>
'
    'SERVER_SOFTWARE' => 'Apache/2.4.29 (Win32) OpenSSL/1.1.0g PHP/7.2.2'
    'SERVER_NAME' => 'localhost'
    'SERVER_ADDR' => '::1'
    'SERVER_PORT' => '80'
    'REMOTE_ADDR' => '::1'
    'DOCUMENT_ROOT' => 'C:/xampp/htdocs'
    'REQUEST_SCHEME' => 'http'
    'CONTEXT_PREFIX' => ''
    'CONTEXT_DOCUMENT_ROOT' => 'C:/xampp/htdocs'
    'SERVER_ADMIN' => 'postmaster@localhost'
    'SCRIPT_FILENAME' => 'C:/xampp/htdocs/yii2-app-advanced/api/web/index.php'
    'REMOTE_PORT' => '54477'
    'REDIRECT_URL' => '/yii2-app-advanced/api/web/v1/users/login'
    'GATEWAY_INTERFACE' => 'CGI/1.1'
    'SERVER_PROTOCOL' => 'HTTP/1.1'
    'REQUEST_METHOD' => 'GET'
    'QUERY_STRING' => ''
    'REQUEST_URI' => '/yii2-app-advanced/api/web/v1/users/login'
    'SCRIPT_NAME' => '/yii2-app-advanced/api/web/index.php'
    'PHP_SELF' => '/yii2-app-advanced/api/web/index.php'
    'PHP_AUTH_USER' => 'AmarSen'
    'PHP_AUTH_PW' => 'amar@mail.com'
    'REQUEST_TIME_FLOAT' => 1520935857.657
    'REQUEST_TIME' => 1520935857
]
2018-03-13 11:11:05 [::1][-][-][error][yii\web\HttpException:404] yii\web\NotFoundHttpException: Page not found. in C:\xampp\htdocs\yii2-app-advanced\vendor\yiisoft\yii2\web\Request.php:284
Stack trace:
#0 C:\xampp\htdocs\yii2-app-advanced\vendor\yiisoft\yii2\web\Application.php(82): yii\web\Request->resolve()
#1 C:\xampp\htdocs\yii2-app-advanced\vendor\yiisoft\yii2\base\Application.php(386): yii\web\Application->handleRequest(Object(yii\web\Request))
#2 C:\xampp\htdocs\yii2-app-advanced\api\web\index.php(17): yii\base\Application->run()
#3 {main}
2018-03-13 11:11:05 [::1][-][-][info][application] $_GET = []

$_POST = []

$_FILES = []

$_COOKIE = []

$_SERVER = [
    'REDIRECT_MIBDIRS' => 'C:/xampp/php/extras/mibs'
    'REDIRECT_MYSQL_HOME' => '\\xampp\\mysql\\bin'
    'REDIRECT_OPENSSL_CONF' => 'C:/xampp/apache/bin/openssl.cnf'
    'REDIRECT_PHP_PEAR_SYSCONF_DIR' => '\\xampp\\php'
    'REDIRECT_PHPRC' => '\\xampp\\php'
    'REDIRECT_TMP' => '\\xampp\\tmp'
    'REDIRECT_STATUS' => '200'
    'MIBDIRS' => 'C:/xampp/php/extras/mibs'
    'MYSQL_HOME' => '\\xampp\\mysql\\bin'
    'OPENSSL_CONF' => 'C:/xampp/apache/bin/openssl.cnf'
    'PHP_PEAR_SYSCONF_DIR' => '\\xampp\\php'
    'PHPRC' => '\\xampp\\php'
    'TMP' => '\\xampp\\tmp'
    'HTTP_HOST' => 'localhost'
    'HTTP_CONNECTION' => 'keep-alive'
    'HTTP_POSTMAN_TOKEN' => '28dd2e37-5a91-9057-1a33-a41954c68d2e'
    'HTTP_CACHE_CONTROL' => 'no-cache'
    'HTTP_USER_AGENT' => 'Mozilla/5.0 (Windows NT 6.1) AppleWebKit/537.36 (KHTML, like Gecko) Chrome/65.0.3325.146 Safari/537.36'
    'CONTENT_TYPE' => 'application/x-www-form-urlencoded'
    'HTTP_ACCEPT' => '*/*'
    'HTTP_ACCEPT_ENCODING' => 'gzip, deflate, br'
    'HTTP_ACCEPT_LANGUAGE' => 'en-US,en;q=0.9'
    'PATH' => 'C:\\Program Files\\Common Files\\Microsoft Shared\\Windows Live;C:\\Windows\\system32;C:\\Windows;C:\\Windows\\System32\\Wbem;C:\\Windows\\System32\\WindowsPowerShell\\v1.0\\;C:\\Program Files\\Windows Live\\Shared;C:\\Program Files\\Microsoft\\Web Platform Installer\\;C:\\Program Files\\Microsoft ASP.NET\\ASP.NET Web Pages\\v1.0\\;C:\\Program Files\\nodejs\\;C:\\xampp\\php;C:\\Users\\ZMART\\AppData\\Local\\ComposerSetup\\bin;C:\\Users\\ZMART\\AppData\\Roaming\\Composer\\vendor\\bin;C:\\Users\\ZMART\\AppData\\Local\\Programs\\Git\\cmd;C:\\Users\\ZMART\\AppData\\Roaming\\npm'
    'SystemRoot' => 'C:\\Windows'
    'COMSPEC' => 'C:\\Windows\\system32\\cmd.exe'
    'PATHEXT' => '.COM;.EXE;.BAT;.CMD;.VBS;.VBE;.JS;.JSE;.WSF;.WSH;.MSC'
    'WINDIR' => 'C:\\Windows'
    'SERVER_SIGNATURE' => '<address>Apache/2.4.29 (Win32) OpenSSL/1.1.0g PHP/7.2.2 Server at localhost Port 80</address>
'
    'SERVER_SOFTWARE' => 'Apache/2.4.29 (Win32) OpenSSL/1.1.0g PHP/7.2.2'
    'SERVER_NAME' => 'localhost'
    'SERVER_ADDR' => '::1'
    'SERVER_PORT' => '80'
    'REMOTE_ADDR' => '::1'
    'DOCUMENT_ROOT' => 'C:/xampp/htdocs'
    'REQUEST_SCHEME' => 'http'
    'CONTEXT_PREFIX' => ''
    'CONTEXT_DOCUMENT_ROOT' => 'C:/xampp/htdocs'
    'SERVER_ADMIN' => 'postmaster@localhost'
    'SCRIPT_FILENAME' => 'C:/xampp/htdocs/yii2-app-advanced/api/web/index.php'
    'REMOTE_PORT' => '54478'
    'REDIRECT_URL' => '/yii2-app-advanced/api/web/v1/login'
    'GATEWAY_INTERFACE' => 'CGI/1.1'
    'SERVER_PROTOCOL' => 'HTTP/1.1'
    'REQUEST_METHOD' => 'GET'
    'QUERY_STRING' => ''
    'REQUEST_URI' => '/yii2-app-advanced/api/web/v1/login'
    'SCRIPT_NAME' => '/yii2-app-advanced/api/web/index.php'
    'PHP_SELF' => '/yii2-app-advanced/api/web/index.php'
    'PHP_AUTH_USER' => 'AmarSen'
    'PHP_AUTH_PW' => 'amar@mail.com'
    'REQUEST_TIME_FLOAT' => 1520935865.926
    'REQUEST_TIME' => 1520935865
]
